# JRE version: Java(TM) SE Runtime Environment (8.0_77-b03) (build 1.8.0_77-b03)
# Java VM: Java HotSpot(TM) 64-Bit Server VM (25.77-b03 mixed mode windows-amd64 compressed oops)
Heap:
 PSYoungGen      total 118784K, used 105137K [0x00000000eab00000, 0x00000000f3000000, 0x0000000100000000)
  eden space 105984K, 93% used [0x00000000eab00000,0x00000000f0c3f1f8,0x00000000f1280000)
  from space 12800K, 43% used [0x00000000f1280000,0x00000000f17ed438,0x00000000f1f00000)
  to   space 12800K, 0% used [0x00000000f2380000,0x00000000f2380000,0x00000000f3000000)
 ParOldGen       total 92672K, used 54880K [0x00000000c0000000, 0x00000000c5a80000, 0x00000000eab00000)
  object space 92672K, 59% used [0x00000000c0000000,0x00000000c3598140,0x00000000c5a80000)
 Metaspace       used 73456K, capacity 80666K, committed 80768K, reserved 1120256K
  class space    used 9509K, capacity 10301K, committed 10368K, reserved 1048576K
GC Heap History (10 events):
Event: 21063.778 GC heap before
{Heap before GC invocations=115 (full 37):
 PSYoungGen      total 125952K, used 114752K [0x00000000eab00000, 0x00000000f3700000, 0x0000000100000000)
  eden space 112128K, 100% used [0x00000000eab00000,0x00000000f1880000,0x00000000f1880000)
  from space 13824K, 18% used [0x00000000f1880000,0x00000000f1b10000,0x00000000f2600000)
  to   space 13824K, 0% used [0x00000000f2980000,0x00000000f2980000,0x00000000f3700000)
 ParOldGen       total 92672K, used 50382K [0x00000000c0000000, 0x00000000c5a80000, 0x00000000eab00000)
  object space 92672K, 54% used [0x00000000c0000000,0x00000000c3133920,0x00000000c5a80000)
 Metaspace       used 72982K, capacity 79824K, committed 80256K, reserved 1120256K
  class space    used 9427K, capacity 10179K, committed 10368K, reserved 1048576K
Event: 21063.783 GC heap after
Heap after GC invocations=115 (full 37):
 PSYoungGen      total 116224K, used 2768K [0x00000000eab00000, 0x00000000f3080000, 0x0000000100000000)
  eden space 109056K, 0% used [0x00000000eab00000,0x00000000eab00000,0x00000000f1580000)
  from space 7168K, 38% used [0x00000000f2980000,0x00000000f2c34020,0x00000000f3080000)
  to   space 13824K, 0% used [0x00000000f1580000,0x00000000f1580000,0x00000000f2300000)
 ParOldGen       total 92672K, used 50382K [0x00000000c0000000, 0x00000000c5a80000, 0x00000000eab00000)
  object space 92672K, 54% used [0x00000000c0000000,0x00000000c3133920,0x00000000c5a80000)
 Metaspace       used 72982K, capacity 79824K, committed 80256K, reserved 1120256K
  class space    used 9427K, capacity 10179K, committed 10368K, reserved 1048576K
}
Event: 21064.138 GC heap before
{Heap before GC invocations=116 (full 37):
 PSYoungGen      total 116224K, used 111824K [0x00000000eab00000, 0x00000000f3080000, 0x0000000100000000)
  eden space 109056K, 100% used [0x00000000eab00000,0x00000000f1580000,0x00000000f1580000)
  from space 7168K, 38% used [0x00000000f2980000,0x00000000f2c34020,0x00000000f3080000)
  to   space 13824K, 0% used [0x00000000f1580000,0x00000000f1580000,0x00000000f2300000)
 ParOldGen       total 92672K, used 50382K [0x00000000c0000000, 0x00000000c5a80000, 0x00000000eab00000)
  object space 92672K, 54% used [0x00000000c0000000,0x00000000c3133920,0x00000000c5a80000)
 Metaspace       used 73090K, capacity 80054K, committed 80512K, reserved 1120256K
  class space    used 9451K, capacity 10208K, committed 10368K, reserved 1048576K
Event: 21064.144 GC heap after
Heap after GC invocations=116 (full 37):
 PSYoungGen      total 112128K, used 6069K [0x00000000eab00000, 0x00000000f2b80000, 0x0000000100000000)
  eden space 105984K, 0% used [0x00000000eab00000,0x00000000eab00000,0x00000000f1280000)
  from space 6144K, 98% used [0x00000000f1580000,0x00000000f1b6d4a0,0x00000000f1b80000)
  to   space 12800K, 0% used [0x00000000f1f00000,0x00000000f1f00000,0x00000000f2b80000)
 ParOldGen       total 92672K, used 50390K [0x00000000c0000000, 0x00000000c5a80000, 0x00000000eab00000)
  object space 92672K, 54% used [0x00000000c0000000,0x00000000c3135920,0x00000000c5a80000)
 Metaspace       used 73090K, capacity 80054K, committed 80512K, reserved 1120256K
  class space    used 9451K, capacity 10208K, committed 10368K, reserved 1048576K
}
Event: 21064.535 GC heap before
{Heap before GC invocations=117 (full 37):
 PSYoungGen      total 112128K, used 69925K [0x00000000eab00000, 0x00000000f2b80000, 0x0000000100000000)
  eden space 105984K, 60% used [0x00000000eab00000,0x00000000ee95c0f0,0x00000000f1280000)
  from space 6144K, 98% used [0x00000000f1580000,0x00000000f1b6d4a0,0x00000000f1b80000)
  to   space 12800K, 0% used [0x00000000f1f00000,0x00000000f1f00000,0x00000000f2b80000)
 ParOldGen       total 92672K, used 50390K [0x00000000c0000000, 0x00000000c5a80000, 0x00000000eab00000)
  object space 92672K, 54% used [0x00000000c0000000,0x00000000c3135920,0x00000000c5a80000)
 Metaspace       used 73352K, capacity 80412K, committed 80512K, reserved 1120256K
  class space    used 9495K, capacity 10285K, committed 10368K, reserved 1048576K
Event: 21064.543 GC heap after
Heap after GC invocations=117 (full 37):
 PSYoungGen      total 118784K, used 8060K [0x00000000eab00000, 0x00000000f2b80000, 0x0000000100000000)
  eden space 105984K, 0% used [0x00000000eab00000,0x00000000eab00000,0x00000000f1280000)
  from space 12800K, 62% used [0x00000000f1f00000,0x00000000f26df0c8,0x00000000f2b80000)
  to   space 12800K, 0% used [0x00000000f1280000,0x00000000f1280000,0x00000000f1f00000)
 ParOldGen       total 92672K, used 50390K [0x00000000c0000000, 0x00000000c5a80000, 0x00000000eab00000)
  object space 92672K, 54% used [0x00000000c0000000,0x00000000c3135920,0x00000000c5a80000)
 Metaspace       used 73352K, capacity 80412K, committed 80512K, reserved 1120256K
  class space    used 9495K, capacity 10285K, committed 10368K, reserved 1048576K
}
Event: 21064.543 GC heap before
{Heap before GC invocations=118 (full 38):
 PSYoungGen      total 118784K, used 8060K [0x00000000eab00000, 0x00000000f2b80000, 0x0000000100000000)
  eden space 105984K, 0% used [0x00000000eab00000,0x00000000eab00000,0x00000000f1280000)
  from space 12800K, 62% used [0x00000000f1f00000,0x00000000f26df0c8,0x00000000f2b80000)
  to   space 12800K, 0% used [0x00000000f1280000,0x00000000f1280000,0x00000000f1f00000)
 ParOldGen       total 92672K, used 50390K [0x00000000c0000000, 0x00000000c5a80000, 0x00000000eab00000)
  object space 92672K, 54% used [0x00000000c0000000,0x00000000c3135920,0x00000000c5a80000)
 Metaspace       used 73352K, capacity 80412K, committed 80512K, reserved 1120256K
  class space    used 9495K, capacity 10285K, committed 10368K, reserved 1048576K
Event: 21064.878 GC heap after
Heap after GC invocations=118 (full 38):
 PSYoungGen      total 118784K, used 0K [0x00000000eab00000, 0x00000000f2b80000, 0x0000000100000000)
  eden space 105984K, 0% used [0x00000000eab00000,0x00000000eab00000,0x00000000f1280000)
  from space 12800K, 0% used [0x00000000f1f00000,0x00000000f1f00000,0x00000000f2b80000)
  to   space 12800K, 0% used [0x00000000f1280000,0x00000000f1280000,0x00000000f1f00000)
 ParOldGen       total 92672K, used 54872K [0x00000000c0000000, 0x00000000c5a80000, 0x00000000eab00000)
  object space 92672K, 59% used [0x00000000c0000000,0x00000000c3596140,0x00000000c5a80000)
 Metaspace       used 73333K, capacity 80390K, committed 80512K, reserved 1120256K
  class space    used 9489K, capacity 10279K, committed 10368K, reserved 1048576K
}
Event: 21067.244 GC heap before
{Heap before GC invocations=119 (full 38):
 PSYoungGen      total 118784K, used 105984K [0x00000000eab00000, 0x00000000f2b80000, 0x0000000100000000)
  eden space 105984K, 100% used [0x00000000eab00000,0x00000000f1280000,0x00000000f1280000)
  from space 12800K, 0% used [0x00000000f1f00000,0x00000000f1f00000,0x00000000f2b80000)
  to   space 12800K, 0% used [0x00000000f1280000,0x00000000f1280000,0x00000000f1f00000)
 ParOldGen       total 92672K, used 54872K [0x00000000c0000000, 0x00000000c5a80000, 0x00000000eab00000)
  object space 92672K, 59% used [0x00000000c0000000,0x00000000c3596140,0x00000000c5a80000)
 Metaspace       used 73378K, capacity 80542K, committed 80768K, reserved 1120256K
  class space    used 9497K, capacity 10287K, committed 10368K, reserved 1048576K
Event: 21067.248 GC heap after
Heap after GC invocations=119 (full 38):
 PSYoungGen      total 118784K, used 5557K [0x00000000eab00000, 0x00000000f3000000, 0x0000000100000000)
  eden space 105984K, 0% used [0x00000000eab00000,0x00000000eab00000,0x00000000f1280000)
  from space 12800K, 43% used [0x00000000f1280000,0x00000000f17ed438,0x00000000f1f00000)
  to   space 12800K, 0% used [0x00000000f2380000,0x00000000f2380000,0x00000000f3000000)
 ParOldGen       total 92672K, used 54880K [0x00000000c0000000, 0x00000000c5a80000, 0x00000000eab00000)
  object space 92672K, 59% used [0x00000000c0000000,0x00000000c3598140,0x00000000c5a80000)
 Metaspace       used 73378K, capacity 80542K, committed 80768K, reserved 1120256K
  class space    used 9497K, capacity 10287K, committed 10368K, reserved 1048576K
}

